[debug] [2023-01-13T09:04:20.242Z] ----------------------------------------------------------------------
[debug] [2023-01-13T09:04:20.248Z] Command:       C:\Program Files\nodejs\node.exe C:\Users\HP\AppData\Roaming\npm\node_modules\firebase-tools\lib\bin\firebase.js init
[debug] [2023-01-13T09:04:20.249Z] CLI Version:   11.20.0
[debug] [2023-01-13T09:04:20.249Z] Platform:      win32
[debug] [2023-01-13T09:04:20.250Z] Node Version:  v18.2.0
[debug] [2023-01-13T09:04:20.251Z] Time:          Fri Jan 13 2023 10:04:20 GMT+0100 (West Africa Standard Time)
[debug] [2023-01-13T09:04:20.251Z] ----------------------------------------------------------------------
[debug] 
[debug] [2023-01-13T09:04:20.270Z] > command requires scopes: ["email","openid","https://www.googleapis.com/auth/cloudplatformprojects.readonly","https://www.googleapis.com/auth/firebase","https://www.googleapis.com/auth/cloud-platform"]
[debug] [2023-01-13T09:04:20.271Z] > authorizing via signed-in user (wisdompeter83@gmail.com)
[info] 
     ######## #### ########  ######## ########     ###     ######  ########
     ##        ##  ##     ## ##       ##     ##  ##   ##  ##       ##
     ######    ##  ########  ######   ########  #########  ######  ######
     ##        ##  ##    ##  ##       ##     ## ##     ##       ## ##
     ##       #### ##     ## ######## ########  ##     ##  ######  ########

You're about to initialize a Firebase project in this directory:

  C:\Users\HP\code\yelpcamp

[info] 
=== Project Setup
[info] 
[info] First, let's associate this project directory with a Firebase project.
[info] You can create multiple project aliases by running firebase use --add, 
[info] but for now we'll just set up a default project.
[info] 
[debug] [2023-01-13T09:06:21.257Z] >>> [apiv2][query] GET https://firebase.googleapis.com/v1beta1/projects pageSize=100
[debug] [2023-01-13T09:06:22.410Z] <<< [apiv2][status] GET https://firebase.googleapis.com/v1beta1/projects 200
[debug] [2023-01-13T09:06:22.411Z] <<< [apiv2][body] GET https://firebase.googleapis.com/v1beta1/projects [omitted]
[info] i  Using project yelpcamp-87f7e (YelpCamp) 
[info] 
=== Hosting Setup
[info] 
[info] Your public directory is the folder (relative to your project directory) that
[info] will contain Hosting assets to be uploaded with firebase deploy. If you
[info] have a build process for your assets, use your build's output directory.
[info] 
[info] +  Wrote no/404.html 
[debug] [2023-01-13T09:12:24.623Z] >>> [apiv2][query] GET https://www.gstatic.com/firebasejs/releases.json [none]
[debug] [2023-01-13T09:12:25.027Z] <<< [apiv2][status] GET https://www.gstatic.com/firebasejs/releases.json 200
[debug] [2023-01-13T09:12:25.027Z] <<< [apiv2][body] GET https://www.gstatic.com/firebasejs/releases.json {"current":{"version":"9.15.0","browserURL":"https://www.gstatic.com/firebasejs/9.15.0/firebase.js","packageURL":"https://www.gstatic.com/firebasejs/9.15.0/firebase.tgz"},"live":{"version":"9.15","browserURL":"https://www.gstatic.com/firebasejs/live/9.15/firebase.js","packageURL":"https://www.gstatic.com/firebasejs/live/9.15/firebase.tgz"},"components":{"analytics":"https://www.gstatic.com/firebasejs/9.15.0/firebase-analytics.js","app":"https://www.gstatic.com/firebasejs/9.15.0/firebase-app.js","app-check":"https://www.gstatic.com/firebasejs/9.15.0/firebase-app-check.js","auth":"https://www.gstatic.com/firebasejs/9.15.0/firebase-auth.js","auth/cordova":"https://www.gstatic.com/firebasejs/9.15.0/firebase-auth/cordova.js","auth/react-native":"https://www.gstatic.com/firebasejs/9.15.0/firebase-auth/react-native.js","functions":"https://www.gstatic.com/firebasejs/9.15.0/firebase-functions.js","firestore":"https://www.gstatic.com/firebasejs/9.15.0/firebase-firestore.js","firestore/lite":"https://www.gstatic.com/firebasejs/9.15.0/firebase-firestore/lite.js","installations":"https://www.gstatic.com/firebasejs/9.15.0/firebase-installations.js","storage":"https://www.gstatic.com/firebasejs/9.15.0/firebase-storage.js","performance":"https://www.gstatic.com/firebasejs/9.15.0/firebase-performance.js","remote-config":"https://www.gstatic.com/firebasejs/9.15.0/firebase-remote-config.js","messaging":"https://www.gstatic.com/firebasejs/9.15.0/firebase-messaging.js","messaging/sw":"https://www.gstatic.com/firebasejs/9.15.0/firebase-messaging/sw.js","database":"https://www.gstatic.com/firebasejs/9.15.0/firebase-database.js","firestore.memory":"https://www.gstatic.com/firebasejs/9.15.0/firebase-firestore.memory.js"}}
[info] +  Wrote no/index.html 
[info] 
[info] i  Didn't detect a .git folder. Assuming C:\Users\HP\code\yelpcamp is the project root. 
[info] i  Authorizing with GitHub to upload your service account to a GitHub repository's secrets store. 
[info] 
[info] Visit this URL on this device to log in:
[info] https://github.com/login/oauth/authorize?client_id=89cf50f02ac6aaed3484&state=945301576&redirect_uri=http%3A%2F%2Flocalhost%3A9005&scope=read%3Auser%20repo%20public_repo
[info] 
[info] Waiting for authentication...
[debug] [2023-01-13T09:12:42.472Z] >>> [apiv2][query] POST https://github.com/login/oauth/access_token [none]
[debug] [2023-01-13T09:12:42.472Z] >>> [apiv2][body] POST https://github.com/login/oauth/access_token [stream]
[debug] [2023-01-13T09:12:43.280Z] <<< [apiv2][status] POST https://github.com/login/oauth/access_token 200
[debug] [2023-01-13T09:12:43.281Z] <<< [apiv2][body] POST https://github.com/login/oauth/access_token {"access_token":"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","token_type":"bearer","scope":"read:user,repo"}
[debug] [2023-01-13T09:12:43.333Z] >>> [apiv2][query] GET https://api.github.com/user [none]
[debug] [2023-01-13T09:12:45.184Z] <<< [apiv2][status] GET https://api.github.com/user 200
[debug] [2023-01-13T09:12:45.185Z] <<< [apiv2][body] GET https://api.github.com/user {"login":"JALOCODE","id":94925160,"node_id":"U_kgDOBahxaA","avatar_url":"https://avatars.githubusercontent.com/u/94925160?v=4","gravatar_id":"","url":"https://api.github.com/users/JALOCODE","html_url":"https://github.com/JALOCODE","followers_url":"https://api.github.com/users/JALOCODE/followers","following_url":"https://api.github.com/users/JALOCODE/following{/other_user}","gists_url":"https://api.github.com/users/JALOCODE/gists{/gist_id}","starred_url":"https://api.github.com/users/JALOCODE/starred{/owner}{/repo}","subscriptions_url":"https://api.github.com/users/JALOCODE/subscriptions","organizations_url":"https://api.github.com/users/JALOCODE/orgs","repos_url":"https://api.github.com/users/JALOCODE/repos","events_url":"https://api.github.com/users/JALOCODE/events{/privacy}","received_events_url":"https://api.github.com/users/JALOCODE/received_events","type":"User","site_admin":false,"name":"EGOH WISDOM","company":null,"blog":"","location":null,"email":"wisdompeter83@gmail.com","hireable":null,"bio":"Knowledge is Power.","twitter_username":null,"public_repos":16,"public_gists":0,"followers":4,"following":6,"created_at":"2021-11-23T17:28:10Z","updated_at":"2023-01-12T00:25:02Z","private_gists":0,"total_private_repos":0,"owned_private_repos":0,"disk_usage":19899,"collaborators":0,"two_factor_authentication":false,"plan":{"name":"free","space":976562499,"collaborators":0,"private_repos":10000}}
[info] 
[info] +  Success! Logged into GitHub as JALOCODE 
[info] 
